<?xml version="1.0" encoding="UTF-8"?>
<!-- Generated by org.testng.reporters.JUnitReportReporter -->
<testsuite hostname="CO-IT005408" failures="0" tests="1" name="tests.CartRemovalTest" time="11.663" errors="0" timestamp="2025-03-12T18:55:55 COT" skipped="0">
  <testcase classname="tests.CartRemovalTest" name="removeElementsFromCart" time="11.663"/>
</testsuite> <!-- tests.CartRemovalTest -->
