<?xml version="1.0" encoding="UTF-8"?>
<!-- Generated by org.testng.reporters.JUnitReportReporter -->
<testsuite hostname="CO-IT005408" failures="0" tests="1" name="tests.PurchaseTest" time="12.160" errors="0" timestamp="2025-03-12T18:55:55 COT" skipped="0">
  <testcase classname="tests.PurchaseTest" name="purchaseRandomProduct" time="12.160"/>
</testsuite> <!-- tests.PurchaseTest -->
