<?xml version="1.0" encoding="UTF-8"?>
<!-- Generated by org.testng.reporters.JUnitReportReporter -->
<testsuite hostname="CO-IT005408" failures="0" tests="1" name="tests.LogoutTest" time="13.187" errors="0" timestamp="2025-03-12T19:00:38 COT" skipped="0">
  <testcase classname="tests.LogoutTest" name="logoutAndCheckRedirection" time="13.187"/>
</testsuite> <!-- tests.LogoutTest -->
